Order Number: 5381
Registration Date: October 14, 2019, 12:48 pm
Date of Delivery: October 14, 2019, 12:48 pm
Customer NIF: 5076
Customer Name: alvarezgomez
Customer Name 2: Z
Customer Address: 72 avenue
Customer Address2: de l
Zip Code: 93000
City: BOBIGNY
Province: 
Country: FR
Vat Group: 
Payment Method: Pagos por cheque
Payment Terms: 
Phone Number: 12345679
Email: nandoa1978@yahoo.es
-------------------------

Product Details:

-------------------------


1) Number Products: 5341
Product Name: Estuche Alvarez Gómez 150ml.
Quantity: 1
Price:12.36€

-------------------------

Discount Line: 
ENV Customer NIF: 5076
ENV Customer Name: alvarezgomez
ENV Customer Name2: Z
ENV Customer Address: 72 avenue
ENV Customer Address2: de l
ENV Zipcode: 93000
ENV City: BOBIGNY
ENV Province: 
ENV Country: FR
ENV Phone Number: 12345679
ENV Email: nandoa1978@yahoo.es
Order Number: 5381
Registration Date: October 14, 2019, 12:49 pm
Date of Delivery: October 14, 2019, 12:49 pm
Customer NIF: 5076
Customer Name: alvarezgomez
Customer Name 2: Z
Customer Address: 72 avenue
Customer Address2: de l
Zip Code: 93000
City: BOBIGNY
Province: 
Country: FR
Vat Group: 
Payment Method: Pagos por cheque
Payment Terms: 
Phone Number: 12345679
Email: nandoa1978@yahoo.es
-------------------------

Product Details:

-------------------------


1) Number Products: 5341
Product Name: Estuche Alvarez Gómez 150ml.
Quantity: 1
Price:12.36€

-------------------------

Discount Line: 
ENV Customer NIF: 5076
ENV Customer Name: alvarezgomez
ENV Customer Name2: Z
ENV Customer Address: 72 avenue
ENV Customer Address2: de l
ENV Zipcode: 93000
ENV City: BOBIGNY
ENV Province: 
ENV Country: FR
ENV Phone Number: 12345679
ENV Email: nandoa1978@yahoo.es
Order Number: 5381
Registration Date: October 14, 2019, 12:49 pm
Date of Delivery: October 14, 2019, 12:49 pm
Customer NIF: 5076
Customer Name: alvarezgomez
Customer Name 2: Z
Customer Address: 72 avenue
Customer Address2: de l
Zip Code: 93000
City: BOBIGNY
Province: 
Country: FR
Vat Group: 
Payment Method: Pagos por cheque
Payment Terms: 
Phone Number: 12345679
Email: nandoa1978@yahoo.es
-------------------------

Product Details:

-------------------------


1) Number Products: 5341
Product Name: Estuche Alvarez Gómez 150ml.
Quantity: 1
Price:12.36€

-------------------------

Discount Line: 
ENV Customer NIF: 5076
ENV Customer Name: alvarezgomez
ENV Customer Name2: Z
ENV Customer Address: 72 avenue
ENV Customer Address2: de l
ENV Zipcode: 93000
ENV City: BOBIGNY
ENV Province: 
ENV Country: FR
ENV Phone Number: 12345679
ENV Email: nandoa1978@yahoo.es
Order Number: 5381
Registration Date: October 14, 2019, 12:50 pm
Date of Delivery: October 14, 2019, 12:50 pm
Customer NIF: 5076
Customer Name: alvarezgomez
Customer Name 2: Z
Customer Address: 72 avenue
Customer Address2: de l
Zip Code: 93000
City: BOBIGNY
Province: 
Country: FR
Vat Group: 
Payment Method: Pagos por cheque
Payment Terms: 
Phone Number: 12345679
Email: nandoa1978@yahoo.es
-------------------------

Product Details:

-------------------------


1) Number Products: 5341
Product Name: Estuche Alvarez Gómez 150ml.
Quantity: 1
Price:12.36€

-------------------------

Discount Line: 
ENV Customer NIF: 5076
ENV Customer Name: alvarezgomez
ENV Customer Name2: Z
ENV Customer Address: 72 avenue
ENV Customer Address2: de l
ENV Zipcode: 93000
ENV City: BOBIGNY
ENV Province: 
ENV Country: FR
ENV Phone Number: 12345679
ENV Email: nandoa1978@yahoo.es
Order Number: 5381
Registration Date: October 14, 2019, 12:51 pm
Date of Delivery: October 14, 2019, 12:51 pm
Customer NIF: 5076
Customer Name: alvarezgomez
Customer Name 2: Z
Customer Address: 72 avenue
Customer Address2: de l
Zip Code: 93000
City: BOBIGNY
Province: 
Country: FR
Vat Group: 
Payment Method: Pagos por cheque
Payment Terms: 
Phone Number: 12345679
Email: nandoa1978@yahoo.es
-------------------------

Product Details:

-------------------------


1) Number Products: 5341
Product Name: Estuche Alvarez Gómez 150ml.
Quantity: 1
Price:12.36€

-------------------------

Discount Line: 
ENV Customer NIF: 5076
ENV Customer Name: alvarezgomez
ENV Customer Name2: Z
ENV Customer Address: 72 avenue
ENV Customer Address2: de l
ENV Zipcode: 93000
ENV City: BOBIGNY
ENV Province: 
ENV Country: FR
ENV Phone Number: 12345679
ENV Email: nandoa1978@yahoo.es
Order Number: 5381
Registration Date: October 14, 2019, 12:51 pm
Date of Delivery: October 14, 2019, 12:51 pm
Customer NIF: 5076
Customer Name: alvarezgomez
Customer Name 2: Z
Customer Address: 72 avenue
Customer Address2: de l
Zip Code: 93000
City: BOBIGNY
Province: 
Country: FR
Vat Group: 
Payment Method: Pagos por cheque
Payment Terms: 
Phone Number: 12345679
Email: nandoa1978@yahoo.es
-------------------------

Product Details:

-------------------------


1) Number Products: 5341
Product Name: Estuche Alvarez Gómez 150ml.
Quantity: 1
Price:12.36€

-------------------------

Discount Line: 
ENV Customer NIF: 5076
ENV Customer Name: alvarezgomez
ENV Customer Name2: Z
ENV Customer Address: 72 avenue
ENV Customer Address2: de l
ENV Zipcode: 93000
ENV City: BOBIGNY
ENV Province: 
ENV Country: FR
ENV Phone Number: 12345679
ENV Email: nandoa1978@yahoo.es
Order Number: 5381
Registration Date: October 14, 2019, 12:52 pm
Date of Delivery: October 14, 2019, 12:52 pm
Customer NIF: 5076
Customer Name: alvarezgomez
Customer Name 2: Z
Customer Address: 72 avenue
Customer Address2: de l
Zip Code: 93000
City: BOBIGNY
Province: 
Country: FR
Vat Group: 
Payment Method: Pagos por cheque
Payment Terms: 
Phone Number: 12345679
Email: nandoa1978@yahoo.es
-------------------------

Product Details:

-------------------------


1) Number Products: 5341
Product Name: Estuche Alvarez Gómez 150ml.
Quantity: 1
Price:12.36€

-------------------------

Discount Line: 
ENV Customer NIF: 5076
ENV Customer Name: alvarezgomez
ENV Customer Name2: Z
ENV Customer Address: 72 avenue
ENV Customer Address2: de l
ENV Zipcode: 93000
ENV City: BOBIGNY
ENV Province: 
ENV Country: FR
ENV Phone Number: 12345679
ENV Email: nandoa1978@yahoo.es
Order Number: 5381
Registration Date: October 14, 2019, 12:53 pm
Date of Delivery: October 14, 2019, 12:53 pm
Customer NIF: 5076
Customer Name: alvarezgomez
Customer Name 2: Z
Customer Address: 72 avenue
Customer Address2: de l
Zip Code: 93000
City: BOBIGNY
Province: 
Country: FR
Vat Group: 
Payment Method: Pagos por cheque
Payment Terms: 
Phone Number: 12345679
Email: nandoa1978@yahoo.es
-------------------------

Product Details:

-------------------------


1) Number Products: 5341
Product Name: Estuche Alvarez Gómez 150ml.
Quantity: 1
Price:12.36€

-------------------------

Discount Line: 
ENV Customer NIF: 5076
ENV Customer Name: alvarezgomez
ENV Customer Name2: Z
ENV Customer Address: 72 avenue
ENV Customer Address2: de l
ENV Zipcode: 93000
ENV City: BOBIGNY
ENV Province: 
ENV Country: FR
ENV Phone Number: 12345679
ENV Email: nandoa1978@yahoo.es
Order Number: 5381
Registration Date: October 14, 2019, 12:55 pm
Date of Delivery: October 14, 2019, 12:55 pm
Customer NIF: 5076
Customer Name: alvarezgomez
Customer Name 2: Z
Customer Address: 72 avenue
Customer Address2: de l
Zip Code: 93000
City: BOBIGNY
Province: 
Country: FR
Vat Group: 
Payment Method: Pagos por cheque
Payment Terms: 
Phone Number: 12345679
Email: nandoa1978@yahoo.es
-------------------------

Product Details:

-------------------------


1) Number Products: 5341
Product Name: Estuche Alvarez Gómez 150ml.
Quantity: 1
Price:12.36€

-------------------------

Discount Line: 
ENV Customer NIF: 5076
ENV Customer Name: alvarezgomez
ENV Customer Name2: Z
ENV Customer Address: 72 avenue
ENV Customer Address2: de l
ENV Zipcode: 93000
ENV City: BOBIGNY
ENV Province: 
ENV Country: FR
ENV Phone Number: 12345679
ENV Email: nandoa1978@yahoo.es
Order Number: 5381
Registration Date: October 14, 2019, 12:57 pm
Date of Delivery: October 14, 2019, 12:57 pm
Customer NIF: 5076
Customer Name: alvarezgomez
Customer Name 2: Z
Customer Address: 72 avenue
Customer Address2: de l
Zip Code: 93000
City: BOBIGNY
Province: 
Country: FR
Vat Group: 
Payment Method: Pagos por cheque
Payment Terms: 
Phone Number: 12345679
Email: nandoa1978@yahoo.es
-------------------------

Product Details:

-------------------------


1) Number Products: 5341
Product Name: Estuche Alvarez Gómez 150ml.
Quantity: 1
Price:12.36€

-------------------------

Discount Line: 
ENV Customer NIF: 5076
ENV Customer Name: alvarezgomez
ENV Customer Name2: Z
ENV Customer Address: 72 avenue
ENV Customer Address2: de l
ENV Zipcode: 93000
ENV City: BOBIGNY
ENV Province: 
ENV Country: FR
ENV Phone Number: 12345679
ENV Email: nandoa1978@yahoo.es
Order Number: 5381
Registration Date: October 14, 2019, 12:58 pm
Date of Delivery: October 14, 2019, 12:58 pm
Customer NIF: 5076
Customer Name: alvarezgomez
Customer Name 2: Z
Customer Address: 72 avenue
Customer Address2: de l
Zip Code: 93000
City: BOBIGNY
Province: 
Country: FR
Vat Group: 
Payment Method: Pagos por cheque
Payment Terms: 
Phone Number: 12345679
Email: nandoa1978@yahoo.es
-------------------------

Product Details:

-------------------------


1) Number Products: 5341
Product Name: Estuche Alvarez Gómez 150ml.
Quantity: 1
Price:12.36€

-------------------------

Discount Line: 
ENV Customer NIF: 5076
ENV Customer Name: alvarezgomez
ENV Customer Name2: Z
ENV Customer Address: 72 avenue
ENV Customer Address2: de l
ENV Zipcode: 93000
ENV City: BOBIGNY
ENV Province: 
ENV Country: FR
ENV Phone Number: 12345679
ENV Email: nandoa1978@yahoo.es
Order Number: 5381
Registration Date: October 14, 2019, 1:00 pm
Date of Delivery: October 14, 2019, 1:00 pm
Customer NIF: 5076
Customer Name: alvarezgomez
Customer Name 2: Z
Customer Address: 72 avenue
Customer Address2: de l
Zip Code: 93000
City: BOBIGNY
Province: 
Country: FR
Vat Group: 
Payment Method: Pagos por cheque
Payment Terms: 
Phone Number: 12345679
Email: nandoa1978@yahoo.es
-------------------------

Product Details:

-------------------------


1) Number Products: 5341
Product Name: Estuche Alvarez Gómez 150ml.
Quantity: 1
Price:12.36€

-------------------------

Discount Line: 
ENV Customer NIF: 5076
ENV Customer Name: alvarezgomez
ENV Customer Name2: Z
ENV Customer Address: 72 avenue
ENV Customer Address2: de l
ENV Zipcode: 93000
ENV City: BOBIGNY
ENV Province: 
ENV Country: FR
ENV Phone Number: 12345679
ENV Email: nandoa1978@yahoo.es
Order Number: 5381
Registration Date: October 14, 2019, 1:05 pm
Date of Delivery: October 14, 2019, 1:05 pm
Customer NIF: 5076
Customer Name: alvarezgomez
Customer Name 2: Z
Customer Address: 72 avenue
Customer Address2: de l
Zip Code: 93000
City: BOBIGNY
Province: 
Country: FR
Vat Group: 
Payment Method: Pagos por cheque
Payment Terms: 
Phone Number: 12345679
Email: nandoa1978@yahoo.es
-------------------------

Product Details:

-------------------------


1) Number Products: 5341
Product Name: Estuche Alvarez Gómez 150ml.
Quantity: 1
Price:12.36€

-------------------------

Discount Line: 
ENV Customer NIF: 5076
ENV Customer Name: alvarezgomez
ENV Customer Name2: Z
ENV Customer Address: 72 avenue
ENV Customer Address2: de l
ENV Zipcode: 93000
ENV City: BOBIGNY
ENV Province: 
ENV Country: FR
ENV Phone Number: 12345679
ENV Email: nandoa1978@yahoo.es
